<?xml version="1.0" encoding="UTF-8"?>
<robot generator="Robot 7.3.2 (Python 3.12.1 on linux)" generated="2025-08-13T09:47:34.206478" rpa="false" schemaversion="5">
<suite id="s1" name="Tests" source="/home/arttai/CodeBlog/robot_tests/tests">
<suite id="s1-s1" name="Login" source="/home/arttai/CodeBlog/robot_tests/tests/login.robot">
<test id="s1-s1-t1" name="Open Application" line="7">
<kw name="Open CodeBlog" owner="codeblog">
<kw name="New Browser" owner="Browser">
<msg time="2025-08-13T09:47:34.526845" level="INFO">{"browser": "chromium", "headless": true, "chromiumSandbox": false, "devtools": false, "handleSIGHUP": true, "handleSIGINT": true, "handleSIGTERM": true, "slowMo": 0.0, "timeout": 30000.0, "tracesDir": "/home/arttai/CodeBlog/robot_tests/results/browser/traces/temp/ea130b8b-31f3-45f2-86cf-bc129cc608b2"}</msg>
<msg time="2025-08-13T09:47:34.631630" level="INFO">Starting Browser process /home/arttai/CodeBlog/venv/lib/python3.12/site-packages/Browser/wrapper/index.js using at 127.0.0.1:43025</msg>
<msg time="2025-08-13T09:47:37.148314" level="INFO">Successfully created browser with options: {"browser":"chromium","headless":true,"chromiumSandbox":false,"devtools":false,"handleSIGHUP":true,"handleSIGINT":true,"handleSIGTERM":true,"slowMo":0,"timeout":30000,"tracesDir":"/home/arttai/CodeBlog/robot_tests/results/browser/traces/temp/ea130b8b-31f3-45f2-86cf-bc129cc608b2"}</msg>
<arg>chromium</arg>
<tag>BrowserControl</tag>
<tag>Setter</tag>
<doc>Create a new playwright Browser with specified options.</doc>
<status status="PASS" start="2025-08-13T09:47:34.525737" elapsed="2.622830"/>
</kw>
<kw name="New Page" owner="Browser">
<msg time="2025-08-13T09:47:39.363653" level="INFO">Successfully initialized new page object and opened url: http://127.0.0.1:5000</msg>
<msg time="2025-08-13T09:47:39.363787" level="INFO">No context was open. New context was automatically opened when this page is created.</msg>
<arg>${URL}</arg>
<tag>BrowserControl</tag>
<tag>Setter</tag>
<doc>Open a new Page.</doc>
<status status="PASS" start="2025-08-13T09:47:37.148838" elapsed="2.215141"/>
</kw>
<kw name="Wait For Elements State" owner="Browser">
<msg time="2025-08-13T09:47:39.415467" level="INFO">Waited for Element with selector //body at state visible</msg>
<arg>//body</arg>
<tag>PageContent</tag>
<tag>Wait</tag>
<doc>Waits for the element found by ``selector`` to satisfy state option.</doc>
<status status="PASS" start="2025-08-13T09:47:39.364205" elapsed="0.051454"/>
</kw>
<kw name="Sleep" owner="BuiltIn">
<msg time="2025-08-13T09:47:44.416558" level="INFO">Slept 5 seconds.</msg>
<arg>5</arg>
<doc>Pauses the test executed for the given time.</doc>
<status status="PASS" start="2025-08-13T09:47:39.415894" elapsed="5.000843"/>
</kw>
<status status="PASS" start="2025-08-13T09:47:34.524731" elapsed="9.892190"/>
</kw>
<kw name="Sleep" owner="BuiltIn">
<msg time="2025-08-13T09:47:45.417658" level="INFO">Slept 1 second.</msg>
<arg>1</arg>
<doc>Pauses the test executed for the given time.</doc>
<status status="PASS" start="2025-08-13T09:47:44.417187" elapsed="1.000683"/>
</kw>
<msg time="2025-08-13T09:47:45.448758" level="INFO">Switching context to context=4dfbddd7-e35d-4d84-94d2-a635cf271da1 in CURRENT</msg>
<msg time="2025-08-13T09:47:45.463905" level="INFO">Successfully changed active context: context=4dfbddd7-e35d-4d84-94d2-a635cf271da1</msg>
<msg time="2025-08-13T09:47:45.482247" level="INFO">Successfully closed Context</msg>
<status status="PASS" start="2025-08-13T09:47:34.523610" elapsed="10.894716"/>
</test>
<status status="PASS" start="2025-08-13T09:47:34.232808" elapsed="11.250375"/>
</suite>
<status status="PASS" start="2025-08-13T09:47:34.207681" elapsed="11.283402"/>
</suite>
<statistics>
<total>
<stat pass="1" fail="0" skip="0">All Tests</stat>
</total>
<tag>
</tag>
<suite>
<stat name="Tests" id="s1" pass="1" fail="0" skip="0">Tests</stat>
<stat name="Login" id="s1-s1" pass="1" fail="0" skip="0">Tests.Login</stat>
</suite>
</statistics>
<errors>
</errors>
</robot>
